app/build/intermediates/manifest_merge_blame_file/debug/manifest-merger-blame-debug-report.txt
1<?xml version="1.0" encoding="utf-8"?>
2<manifest xmlns:android="http://schemas.android.com/apk/res/android"
3    package="com.example.myalbum"
4    android:versionCode="1"
5    android:versionName="1.0" >
6
7    <uses-sdk
8        android:minSdkVersion="15"
8-->src\main\AndroidManifest.xml
9        android:targetSdkVersion="29" />
9-->src\main\AndroidManifest.xml
10
11    <application
11-->src\main\AndroidManifest.xml:5:5-30:19
12        android:allowBackup="true"
12-->src\main\AndroidManifest.xml:6:9-35
13        android:appComponentFactory="androidx.core.app.CoreComponentFactory"
13-->[androidx.core:core:1.0.1] AndroidManifest.xml:22:18-86
14        android:debuggable="true"
15        android:icon="@mipmap/ic_launcher"
15-->src\main\AndroidManifest.xml:7:9-43
16        android:label="@string/app_name"
16-->src\main\AndroidManifest.xml:8:9-41
17        android:roundIcon="@mipmap/ic_launcher_round"
17-->src\main\AndroidManifest.xml:9:9-54
18        android:supportsRtl="true"
18-->src\main\AndroidManifest.xml:10:9-35
19        android:theme="@style/AppTheme" >
19-->src\main\AndroidManifest.xml:11:9-40
20        <activity
20-->src\main\AndroidManifest.xml:13:9-20:20
21            android:name="com.example.myalbum.AlbumsActivity.HomeActivity"
21-->src\main\AndroidManifest.xml:13:19-62
22            android:label="Danh sách album" >
22-->src\main\AndroidManifest.xml:14:13-44
23            <intent-filter>
23-->src\main\AndroidManifest.xml:15:13-19:29
24                <action android:name="android.intent.action.MAIN" />
24-->src\main\AndroidManifest.xml:16:17-69
24-->src\main\AndroidManifest.xml:16:25-66
25
26                <category android:name="android.intent.category.LAUNCHER" />
26-->src\main\AndroidManifest.xml:18:17-77
26-->src\main\AndroidManifest.xml:18:27-74
27            </intent-filter>
28        </activity>
29        <activity
29-->src\main\AndroidManifest.xml:21:9-28:20
30            android:name="com.example.myalbum.AlbumsActivity.SearchAlbumActivity"
30-->src\main\AndroidManifest.xml:21:19-69
31            android:label="Tìm kiếm album"
31-->src\main\AndroidManifest.xml:22:13-43
32            android:parentActivityName="com.example.myalbum.AlbumsActivity.HomeActivity" >
32-->src\main\AndroidManifest.xml:23:13-70
33
34            <!-- Parent activity meta-data to support 4.0 and lower -->
35            <meta-data
35-->src\main\AndroidManifest.xml:25:13-27:83
36                android:name="android.support.PARENT_ACTIVITY"
36-->src\main\AndroidManifest.xml:26:17-63
37                android:value="com.example.myalbum.AlbumsActivity.HomeActivity" />
37-->src\main\AndroidManifest.xml:27:17-80
38        </activity>
39    </application>
40
41</manifest>